<?xml version="1.0" encoding="UTF-8"?>
<!-- Generated by org.testng.reporters.JUnitXMLReporter -->
<testsuite ignored="0" hostname="Dana-PC" failures="0" tests="2" name="Smoke Test" time="1.306" errors="0" timestamp="2023-05-29T21:30:46 EEST">
  <testcase classname="pages.BasePage" name="@BeforeMethod setup" time="0.77">
    <failure type="org.openqa.selenium.SessionNotCreatedException" message="session not created: This version of ChromeDriver only supports Chrome version 110
Current browser version is 113.0.5672.127 with binary path C:\Program Files\Google\Chrome\Application\chrome.exe
Build info: version: &amp;apos;3.141.59&amp;apos;, revision: &amp;apos;e82be7d358&amp;apos;, time: &amp;apos;2018-11-14T08:17:03&amp;apos;
System info: host: &amp;apos;DANA-PC&amp;apos;, ip: &amp;apos;192.168.0.191&amp;apos;, os.name: &amp;apos;Windows 11&amp;apos;, os.arch: &amp;apos;amd64&amp;apos;, os.version: &amp;apos;10.0&amp;apos;, java.version: &amp;apos;18.0.2&amp;apos;
Driver info: driver.version: ChromeDriver
remote stacktrace: Backtrace:
	(No symbol) [0x012137D3]
	(No symbol) [0x011A8B81]
	(No symbol) [0x010AB36D]
	(No symbol) [0x010CED6D]
	(No symbol) [0x010C9B90]
	(No symbol) [0x010C6FC9]
	(No symbol) [0x01101ED5]
	(No symbol) [0x01101B2C]
	(No symbol) [0x010FB216]
	(No symbol) [0x010D0D97]
	(No symbol) [0x010D253D]
	GetHandleVerifier [0x0148ABF2+2510930]
	GetHandleVerifier [0x014B8EC1+2700065]
	GetHandleVerifier [0x014BC86C+2714828]
	GetHandleVerifier [0x012C3480+645344]
	(No symbol) [0x011B0FD2]
	(No symbol) [0x011B6C68]
	(No symbol) [0x011B6D4B]
	(No symbol) [0x011C0D6B]
	BaseThreadInitThunk [0x75F47D59+25]
	RtlInitializeExceptionChain [0x77E8B74B+107]
	RtlClearBits [0x77E8B6CF+191]
">
      <![CDATA[org.openqa.selenium.SessionNotCreatedException: session not created: This version of ChromeDriver only supports Chrome version 110
Current browser version is 113.0.5672.127 with binary path C:\Program Files\Google\Chrome\Application\chrome.exe
Build info: version: '3.141.59', revision: 'e82be7d358', time: '2018-11-14T08:17:03'
System info: host: 'DANA-PC', ip: '192.168.0.191', os.name: 'Windows 11', os.arch: 'amd64', os.version: '10.0', java.version: '18.0.2'
Driver info: driver.version: ChromeDriver
remote stacktrace: Backtrace:
(No symbol) [0x012137D3]
(No symbol) [0x011A8B81]
(No symbol) [0x010AB36D]
(No symbol) [0x010CED6D]
(No symbol) [0x010C9B90]
(No symbol) [0x010C6FC9]
(No symbol) [0x01101ED5]
(No symbol) [0x01101B2C]
(No symbol) [0x010FB216]
(No symbol) [0x010D0D97]
(No symbol) [0x010D253D]
GetHandleVerifier [0x0148ABF2+2510930]
GetHandleVerifier [0x014B8EC1+2700065]
GetHandleVerifier [0x014BC86C+2714828]
GetHandleVerifier [0x012C3480+645344]
(No symbol) [0x011B0FD2]
(No symbol) [0x011B6C68]
(No symbol) [0x011B6D4B]
(No symbol) [0x011C0D6B]
BaseThreadInitThunk [0x75F47D59+25]
RtlInitializeExceptionChain [0x77E8B74B+107]
RtlClearBits [0x77E8B6CF+191]

at org.openqa.selenium.remote.W3CHandshakeResponse.lambda$errorHandler$0(W3CHandshakeResponse.java:62)
at org.openqa.selenium.remote.HandshakeResponse.lambda$getResponseFunction$0(HandshakeResponse.java:30)
at org.openqa.selenium.remote.ProtocolHandshake.lambda$createSession$0(ProtocolHandshake.java:126)
at java.base/java.util.stream.ReferencePipeline$3$1.accept(ReferencePipeline.java:197)
at java.base/java.util.Spliterators$ArraySpliterator.tryAdvance(Spliterators.java:1002)
at java.base/java.util.stream.ReferencePipeline.forEachWithCancel(ReferencePipeline.java:129)
at java.base/java.util.stream.AbstractPipeline.copyIntoWithCancel(AbstractPipeline.java:527)
at java.base/java.util.stream.AbstractPipeline.copyInto(AbstractPipeline.java:513)
at java.base/java.util.stream.AbstractPipeline.wrapAndCopyInto(AbstractPipeline.java:499)
at java.base/java.util.stream.FindOps$FindOp.evaluateSequential(FindOps.java:150)
at java.base/java.util.stream.AbstractPipeline.evaluate(AbstractPipeline.java:234)
at java.base/java.util.stream.ReferencePipeline.findFirst(ReferencePipeline.java:647)
at org.openqa.selenium.remote.ProtocolHandshake.createSession(ProtocolHandshake.java:128)
at org.openqa.selenium.remote.ProtocolHandshake.createSession(ProtocolHandshake.java:74)
at org.openqa.selenium.remote.HttpCommandExecutor.execute(HttpCommandExecutor.java:136)
at org.openqa.selenium.remote.service.DriverCommandExecutor.execute(DriverCommandExecutor.java:83)
at org.openqa.selenium.remote.RemoteWebDriver.execute(RemoteWebDriver.java:552)
at org.openqa.selenium.remote.RemoteWebDriver.startSession(RemoteWebDriver.java:213)
at org.openqa.selenium.remote.RemoteWebDriver.<init>(RemoteWebDriver.java:131)
at org.openqa.selenium.chrome.ChromeDriver.<init>(ChromeDriver.java:181)
at org.openqa.selenium.chrome.ChromeDriver.<init>(ChromeDriver.java:168)
at org.openqa.selenium.chrome.ChromeDriver.<init>(ChromeDriver.java:157)
at pages.BasePage.setup(BasePage.java:27)
at java.base/java.util.ArrayList.forEach(ArrayList.java:1511)
... Removed 36 stack frames]]>
    </failure>
  </testcase> <!-- @BeforeMethod setup -->
  <testcase classname="pages.BasePage" name="@AfterMethod tearDown" time="0.001">
    <failure type="java.lang.NullPointerException" message="Cannot invoke &amp;quot;org.openqa.selenium.WebDriver.quit()&amp;quot; because &amp;quot;pages.BasePage.driver_local&amp;quot; is null">
      <![CDATA[java.lang.NullPointerException: Cannot invoke "org.openqa.selenium.WebDriver.quit()" because "pages.BasePage.driver_local" is null
at pages.BasePage.tearDown(BasePage.java:36)
at java.base/java.util.ArrayList.forEach(ArrayList.java:1511)
... Removed 34 stack frames]]>
    </failure>
  </testcase> <!-- @AfterMethod tearDown -->
  <testcase classname="pages.BasePage" name="@BeforeMethod setup" time="0.519">
    <failure type="org.openqa.selenium.SessionNotCreatedException" message="session not created: This version of ChromeDriver only supports Chrome version 110
Current browser version is 113.0.5672.127 with binary path C:\Program Files\Google\Chrome\Application\chrome.exe
Build info: version: &amp;apos;3.141.59&amp;apos;, revision: &amp;apos;e82be7d358&amp;apos;, time: &amp;apos;2018-11-14T08:17:03&amp;apos;
System info: host: &amp;apos;DANA-PC&amp;apos;, ip: &amp;apos;192.168.0.191&amp;apos;, os.name: &amp;apos;Windows 11&amp;apos;, os.arch: &amp;apos;amd64&amp;apos;, os.version: &amp;apos;10.0&amp;apos;, java.version: &amp;apos;18.0.2&amp;apos;
Driver info: driver.version: ChromeDriver
remote stacktrace: Backtrace:
	(No symbol) [0x012137D3]
	(No symbol) [0x011A8B81]
	(No symbol) [0x010AB36D]
	(No symbol) [0x010CED6D]
	(No symbol) [0x010C9B90]
	(No symbol) [0x010C6FC9]
	(No symbol) [0x01101ED5]
	(No symbol) [0x01101B2C]
	(No symbol) [0x010FB216]
	(No symbol) [0x010D0D97]
	(No symbol) [0x010D253D]
	GetHandleVerifier [0x0148ABF2+2510930]
	GetHandleVerifier [0x014B8EC1+2700065]
	GetHandleVerifier [0x014BC86C+2714828]
	GetHandleVerifier [0x012C3480+645344]
	(No symbol) [0x011B0FD2]
	(No symbol) [0x011B6C68]
	(No symbol) [0x011B6D4B]
	(No symbol) [0x011C0D6B]
	BaseThreadInitThunk [0x75F47D59+25]
	RtlInitializeExceptionChain [0x77E8B74B+107]
	RtlClearBits [0x77E8B6CF+191]
">
      <![CDATA[org.openqa.selenium.SessionNotCreatedException: session not created: This version of ChromeDriver only supports Chrome version 110
Current browser version is 113.0.5672.127 with binary path C:\Program Files\Google\Chrome\Application\chrome.exe
Build info: version: '3.141.59', revision: 'e82be7d358', time: '2018-11-14T08:17:03'
System info: host: 'DANA-PC', ip: '192.168.0.191', os.name: 'Windows 11', os.arch: 'amd64', os.version: '10.0', java.version: '18.0.2'
Driver info: driver.version: ChromeDriver
remote stacktrace: Backtrace:
(No symbol) [0x012137D3]
(No symbol) [0x011A8B81]
(No symbol) [0x010AB36D]
(No symbol) [0x010CED6D]
(No symbol) [0x010C9B90]
(No symbol) [0x010C6FC9]
(No symbol) [0x01101ED5]
(No symbol) [0x01101B2C]
(No symbol) [0x010FB216]
(No symbol) [0x010D0D97]
(No symbol) [0x010D253D]
GetHandleVerifier [0x0148ABF2+2510930]
GetHandleVerifier [0x014B8EC1+2700065]
GetHandleVerifier [0x014BC86C+2714828]
GetHandleVerifier [0x012C3480+645344]
(No symbol) [0x011B0FD2]
(No symbol) [0x011B6C68]
(No symbol) [0x011B6D4B]
(No symbol) [0x011C0D6B]
BaseThreadInitThunk [0x75F47D59+25]
RtlInitializeExceptionChain [0x77E8B74B+107]
RtlClearBits [0x77E8B6CF+191]

at org.openqa.selenium.remote.W3CHandshakeResponse.lambda$errorHandler$0(W3CHandshakeResponse.java:62)
at org.openqa.selenium.remote.HandshakeResponse.lambda$getResponseFunction$0(HandshakeResponse.java:30)
at org.openqa.selenium.remote.ProtocolHandshake.lambda$createSession$0(ProtocolHandshake.java:126)
at java.base/java.util.stream.ReferencePipeline$3$1.accept(ReferencePipeline.java:197)
at java.base/java.util.Spliterators$ArraySpliterator.tryAdvance(Spliterators.java:1002)
at java.base/java.util.stream.ReferencePipeline.forEachWithCancel(ReferencePipeline.java:129)
at java.base/java.util.stream.AbstractPipeline.copyIntoWithCancel(AbstractPipeline.java:527)
at java.base/java.util.stream.AbstractPipeline.copyInto(AbstractPipeline.java:513)
at java.base/java.util.stream.AbstractPipeline.wrapAndCopyInto(AbstractPipeline.java:499)
at java.base/java.util.stream.FindOps$FindOp.evaluateSequential(FindOps.java:150)
at java.base/java.util.stream.AbstractPipeline.evaluate(AbstractPipeline.java:234)
at java.base/java.util.stream.ReferencePipeline.findFirst(ReferencePipeline.java:647)
at org.openqa.selenium.remote.ProtocolHandshake.createSession(ProtocolHandshake.java:128)
at org.openqa.selenium.remote.ProtocolHandshake.createSession(ProtocolHandshake.java:74)
at org.openqa.selenium.remote.HttpCommandExecutor.execute(HttpCommandExecutor.java:136)
at org.openqa.selenium.remote.service.DriverCommandExecutor.execute(DriverCommandExecutor.java:83)
at org.openqa.selenium.remote.RemoteWebDriver.execute(RemoteWebDriver.java:552)
at org.openqa.selenium.remote.RemoteWebDriver.startSession(RemoteWebDriver.java:213)
at org.openqa.selenium.remote.RemoteWebDriver.<init>(RemoteWebDriver.java:131)
at org.openqa.selenium.chrome.ChromeDriver.<init>(ChromeDriver.java:181)
at org.openqa.selenium.chrome.ChromeDriver.<init>(ChromeDriver.java:168)
at org.openqa.selenium.chrome.ChromeDriver.<init>(ChromeDriver.java:157)
at pages.BasePage.setup(BasePage.java:27)
at java.base/java.util.ArrayList.forEach(ArrayList.java:1511)
... Removed 36 stack frames]]>
    </failure>
  </testcase> <!-- @BeforeMethod setup -->
  <testcase classname="pages.BasePage" name="@AfterMethod tearDown" time="0.001">
    <failure type="java.lang.NullPointerException" message="Cannot invoke &amp;quot;org.openqa.selenium.WebDriver.quit()&amp;quot; because &amp;quot;pages.BasePage.driver_local&amp;quot; is null">
      <![CDATA[java.lang.NullPointerException: Cannot invoke "org.openqa.selenium.WebDriver.quit()" because "pages.BasePage.driver_local" is null
at pages.BasePage.tearDown(BasePage.java:36)
at java.base/java.util.ArrayList.forEach(ArrayList.java:1511)
... Removed 34 stack frames]]>
    </failure>
  </testcase> <!-- @AfterMethod tearDown -->
  <testcase classname="tests.LoginPageTest" name="verifyLogin" time="0.0">
    <skipped/>
  </testcase> <!-- verifyLogin -->
  <testcase classname="tests.LoginPageTest" name="verifyCreateAccount" time="0.0">
    <skipped/>
  </testcase> <!-- verifyCreateAccount -->
</testsuite> <!-- Smoke Test -->
